<Identificator> e12
<LITERAL> "*////////*"
*/ 
 

<LITERAL> "/*lkjlkj'e'"
<LITERAL> "/*"*
/"



/ * *
/
 void main( int <Identificator> argc, char *<Identificator> argv[])
{
<LITERAL> "12e-25" if((e12<FLOAT> .f<INTEGER> 12e<Identificator> e<OPR> -3<INTEGER> 3<<OPR> =<FLOAT> 12.3e<OPR> -1<INTEGER> 12+<OPR> +**<Identificator> ab12<FLOAT> .e<Identificator> f)&&<Identificator> qwe.f.e/ *f++++<OPR> +g<Identificator> g){;}<INTEGER> '0'
';f()
;




<LITERAL> "ana
are
mere"

 return 

<INTEGER> 0

}
<LITERAL> "as"



